<?xml version="1.0" encoding="UTF-8"?>
<coverage generated="1715742217221" clover="3.2.0">
  <project timestamp="1715742217221" name="All files">
    <metrics statements="6" coveredstatements="5" conditionals="8" coveredconditionals="7" methods="1" coveredmethods="1" elements="15" coveredelements="13" complexity="0" loc="6" ncloc="6" packages="1" files="1" classes="1"/>
    <file name="sub.js" path="F:\Archivos\Desktop\enClaseJest\src\01-sub\sub.js">
      <metrics statements="6" coveredstatements="5" conditionals="8" coveredconditionals="7" methods="1" coveredmethods="1"/>
      <line num="2" count="3" type="cond" truecount="3" falsecount="1"/>
      <line num="3" count="0" type="stmt"/>
      <line num="4" count="3" type="cond" truecount="4" falsecount="0"/>
      <line num="5" count="1" type="stmt"/>
      <line num="7" count="2" type="stmt"/>
      <line num="10" count="1" type="stmt"/>
    </file>
  </project>
</coverage>
