{"F:\\Archivos\\Desktop\\enClaseJest\\src\\01-sub\\sub.js": {"path":"F:\\Archivos\\Desktop\\enClaseJest\\src\\01-sub\\sub.js","statementMap":{"0":{"start":{"line":2,"column":4},"end":{"line":6,"column":5}},"1":{"start":{"line":3,"column":8},"end":{"line":3,"column":70}},"2":{"start":{"line":4,"column":10},"end":{"line":6,"column":5}},"3":{"start":{"line":5,"column":8},"end":{"line":5,"column":70}},"4":{"start":{"line":7,"column":4},"end":{"line":7,"column":31}},"5":{"start":{"line":10,"column":0},"end":{"line":10,"column":21}}},"fnMap":{"0":{"name":"sub","decl":{"start":{"line":1,"column":9},"end":{"line":1,"column":12}},"loc":{"start":{"line":1,"column":23},"end":{"line":8,"column":1}},"line":1}},"branchMap":{"0":{"loc":{"start":{"line":2,"column":4},"end":{"line":6,"column":5}},"type":"if","locations":[{"start":{"line":2,"column":4},"end":{"line":6,"column":5}},{"start":{"line":4,"column":10},"end":{"line":6,"column":5}}],"line":2},"1":{"loc":{"start":{"line":2,"column":7},"end":{"line":2,"column":47}},"type":"binary-expr","locations":[{"start":{"line":2,"column":7},"end":{"line":2,"column":25}},{"start":{"line":2,"column":29},"end":{"line":2,"column":47}}],"line":2},"2":{"loc":{"start":{"line":4,"column":10},"end":{"line":6,"column":5}},"type":"if","locations":[{"start":{"line":4,"column":10},"end":{"line":6,"column":5}},{"start":{},"end":{}}],"line":4},"3":{"loc":{"start":{"line":4,"column":13},"end":{"line":4,"column":63}},"type":"binary-expr","locations":[{"start":{"line":4,"column":13},"end":{"line":4,"column":36}},{"start":{"line":4,"column":40},"end":{"line":4,"column":63}}],"line":4}},"s":{"0":3,"1":0,"2":3,"3":1,"4":2,"5":1},"f":{"0":3},"b":{"0":[0,3],"1":[3,3],"2":[1,2],"3":[3,2]},"_coverageSchema":"1a1c01bbd47fc00a2c39e90264f33305004495a9","hash":"abb5af6e19f915f806f582316ba13b98da3d0fdb"}
}
